{"name": "Search Employee added or not", "status": "broken", "statusDetails": {"message": "selenium.common.exceptions.NoSuchElementException: Message: no such element: Unable to locate element: {\"method\":\"xpath\",\"selector\":\"//a[normalize-space()='Employee List']\"}\n  (Session info: chrome=117.0.5938.92); For documentation on this error, please visit: https://www.selenium.dev/documentation/webdriver/troubleshooting/errors#no-such-element-exception\nStacktrace:\n\tGetHandleVerifier [0x00007FF793847892+54818]\n\t(No symbol) [0x00007FF7937B6AC2]\n\t(No symbol) [0x00007FF79366DA3B]\n\t(No symbol) [0x00007FF7936AE4FC]\n\t(No symbol) [0x00007FF7936AE67C]\n\t(No symbol) [0x00007FF7936E9627]\n\t(No symbol) [0x00007FF7936CEAEF]\n\t(No symbol) [0x00007FF7936E75A2]\n\t(No symbol) [0x00007FF7936CE883]\n\t(No symbol) [0x00007FF7936A3691]\n\t(No symbol) [0x00007FF7936A48D4]\n\tGetHandleVerifier [0x00007FF793BAB992+3610402]\n\tGetHandleVerifier [0x00007FF793C01860+3962352]\n\tGetHandleVerifier [0x00007FF793BF9D4F+3930847]\n\tGetHandleVerifier [0x00007FF7938E3646+693206]\n\t(No symbol) [0x00007FF7937C1628]\n\t(No symbol) [0x00007FF7937BD934]\n\t(No symbol) [0x00007FF7937BDA62]\n\t(No symbol) [0x00007FF7937AE113]\n\tBaseThreadInitThunk [0x00007FFAEC437344+20]\n\tRtlUserThreadStart [0x00007FFAED7826B1+33]\n\n", "trace": "  File \"C:\\Users\\pkolli\\PycharmProjects\\FinalHRMportalPOC\\venv\\lib\\site-packages\\behave\\model.py\", line 1329, in run\n    match.run(runner.context)\n  File \"C:\\Users\\pkolli\\PycharmProjects\\FinalHRMportalPOC\\venv\\lib\\site-packages\\behave\\matchers.py\", line 98, in run\n    self.func(context, *args, **kwargs)\n  File \"features\\steps\\search_employee.py\", line 20, in step_impl\n    context.addEmployee.clickOnEmployeeList()\n  File \"C:\\Users\\pkolli\\PycharmProjects\\FinalHRMportalPOC\\Features\\pages\\addEmployeeDetailsPage.py\", line 36, in clickOnEmployeeList\n    self.click_on_element(\"EmployeeListClickButton_xpath\", self.EmployeeListClickButton_xpath)\n  File \"C:\\Users\\pkolli\\PycharmProjects\\FinalHRMportalPOC\\Features\\pages\\BasePage.py\", line 32, in click_on_element\n    element = self.get_element(locator_type, locator_value)\n  File \"C:\\Users\\pkolli\\PycharmProjects\\FinalHRMportalPOC\\Features\\pages\\BasePage.py\", line 44, in get_element\n    element = self.driver.find_element(By.XPATH, locator_value)\n  File \"C:\\Users\\pkolli\\PycharmProjects\\FinalHRMportalPOC\\venv\\lib\\site-packages\\selenium\\webdriver\\remote\\webdriver.py\", line 738, in find_element\n    return self.execute(Command.FIND_ELEMENT, {\"using\": by, \"value\": value})[\"value\"]\n  File \"C:\\Users\\pkolli\\PycharmProjects\\FinalHRMportalPOC\\venv\\lib\\site-packages\\selenium\\webdriver\\remote\\webdriver.py\", line 344, in execute\n    self.error_handler.check_response(response)\n  File \"C:\\Users\\pkolli\\PycharmProjects\\FinalHRMportalPOC\\venv\\lib\\site-packages\\selenium\\webdriver\\remote\\errorhandler.py\", line 229, in check_response\n    raise exception_class(message, screen, stacktrace)\n"}, "steps": [{"name": "Given I navigated to Login page", "status": "passed", "start": 1695818834496, "stop": 1695818834499}, {"name": "When Click on Employee list", "status": "broken", "statusDetails": {"message": "selenium.common.exceptions.NoSuchElementException: Message: no such element: Unable to locate element: {\"method\":\"xpath\",\"selector\":\"//a[normalize-space()='Employee List']\"}\n  (Session info: chrome=117.0.5938.92); For documentation on this error, please visit: https://www.selenium.dev/documentation/webdriver/troubleshooting/errors#no-such-element-exception\nStacktrace:\n\tGetHandleVerifier [0x00007FF793847892+54818]\n\t(No symbol) [0x00007FF7937B6AC2]\n\t(No symbol) [0x00007FF79366DA3B]\n\t(No symbol) [0x00007FF7936AE4FC]\n\t(No symbol) [0x00007FF7936AE67C]\n\t(No symbol) [0x00007FF7936E9627]\n\t(No symbol) [0x00007FF7936CEAEF]\n\t(No symbol) [0x00007FF7936E75A2]\n\t(No symbol) [0x00007FF7936CE883]\n\t(No symbol) [0x00007FF7936A3691]\n\t(No symbol) [0x00007FF7936A48D4]\n\tGetHandleVerifier [0x00007FF793BAB992+3610402]\n\tGetHandleVerifier [0x00007FF793C01860+3962352]\n\tGetHandleVerifier [0x00007FF793BF9D4F+3930847]\n\tGetHandleVerifier [0x00007FF7938E3646+693206]\n\t(No symbol) [0x00007FF7937C1628]\n\t(No symbol) [0x00007FF7937BD934]\n\t(No symbol) [0x00007FF7937BDA62]\n\t(No symbol) [0x00007FF7937AE113]\n\tBaseThreadInitThunk [0x00007FFAEC437344+20]\n\tRtlUserThreadStart [0x00007FFAED7826B1+33]\n\n", "trace": "  File \"C:\\Users\\pkolli\\PycharmProjects\\FinalHRMportalPOC\\venv\\lib\\site-packages\\behave\\model.py\", line 1329, in run\n    match.run(runner.context)\n  File \"C:\\Users\\pkolli\\PycharmProjects\\FinalHRMportalPOC\\venv\\lib\\site-packages\\behave\\matchers.py\", line 98, in run\n    self.func(context, *args, **kwargs)\n  File \"features\\steps\\search_employee.py\", line 20, in step_impl\n    context.addEmployee.clickOnEmployeeList()\n  File \"C:\\Users\\pkolli\\PycharmProjects\\FinalHRMportalPOC\\Features\\pages\\addEmployeeDetailsPage.py\", line 36, in clickOnEmployeeList\n    self.click_on_element(\"EmployeeListClickButton_xpath\", self.EmployeeListClickButton_xpath)\n  File \"C:\\Users\\pkolli\\PycharmProjects\\FinalHRMportalPOC\\Features\\pages\\BasePage.py\", line 32, in click_on_element\n    element = self.get_element(locator_type, locator_value)\n  File \"C:\\Users\\pkolli\\PycharmProjects\\FinalHRMportalPOC\\Features\\pages\\BasePage.py\", line 44, in get_element\n    element = self.driver.find_element(By.XPATH, locator_value)\n  File \"C:\\Users\\pkolli\\PycharmProjects\\FinalHRMportalPOC\\venv\\lib\\site-packages\\selenium\\webdriver\\remote\\webdriver.py\", line 738, in find_element\n    return self.execute(Command.FIND_ELEMENT, {\"using\": by, \"value\": value})[\"value\"]\n  File \"C:\\Users\\pkolli\\PycharmProjects\\FinalHRMportalPOC\\venv\\lib\\site-packages\\selenium\\webdriver\\remote\\webdriver.py\", line 344, in execute\n    self.error_handler.check_response(response)\n  File \"C:\\Users\\pkolli\\PycharmProjects\\FinalHRMportalPOC\\venv\\lib\\site-packages\\selenium\\webdriver\\remote\\errorhandler.py\", line 229, in check_response\n    raise exception_class(message, screen, stacktrace)\n"}, "start": 1695818834500, "stop": 1695818864300}, {"name": "And Search name in EmployeeList Searchbar", "status": "skipped", "start": 1695818867128, "stop": 1695818867128}, {"name": "Then Check employee added or not", "status": "skipped", "start": 1695818867128, "stop": 1695818867128}], "start": 1695818825749, "stop": 1695818867128, "uuid": "b0407b9c-a41c-4bc3-a305-42730568e513", "historyId": "e4aa0faa723c3086b6e06ffbf44a2bbf", "fullName": "OrangeHRM: Search Employee added or not", "labels": [{"name": "severity", "value": "normal"}, {"name": "feature", "value": "OrangeHRM"}, {"name": "framework", "value": "behave"}, {"name": "language", "value": "cpython3"}]}