{"name": "Add Employee details", "status": "broken", "statusDetails": {"message": "selenium.common.exceptions.NoSuchElementException: Message: no such element: Unable to locate element: {\"method\":\"css selector\",\"selector\":\"[id=\"emp_birthday\"]\"}\n  (Session info: chrome=117.0.5938.92); For documentation on this error, please visit: https://www.selenium.dev/documentation/webdriver/troubleshooting/errors#no-such-element-exception\nStacktrace:\n\tGetHandleVerifier [0x00007FF793847892+54818]\n\t(No symbol) [0x00007FF7937B6AC2]\n\t(No symbol) [0x00007FF79366DA3B]\n\t(No symbol) [0x00007FF7936AE4FC]\n\t(No symbol) [0x00007FF7936AE67C]\n\t(No symbol) [0x00007FF7936E9627]\n\t(No symbol) [0x00007FF7936CEAEF]\n\t(No symbol) [0x00007FF7936E75A2]\n\t(No symbol) [0x00007FF7936CE883]\n\t(No symbol) [0x00007FF7936A3691]\n\t(No symbol) [0x00007FF7936A48D4]\n\tGetHandleVerifier [0x00007FF793BAB992+3610402]\n\tGetHandleVerifier [0x00007FF793C01860+3962352]\n\tGetHandleVerifier [0x00007FF793BF9D4F+3930847]\n\tGetHandleVerifier [0x00007FF7938E3646+693206]\n\t(No symbol) [0x00007FF7937C1628]\n\t(No symbol) [0x00007FF7937BD934]\n\t(No symbol) [0x00007FF7937BDA62]\n\t(No symbol) [0x00007FF7937AE113]\n\tBaseThreadInitThunk [0x00007FFAEC437344+20]\n\tRtlUserThreadStart [0x00007FFAED7826B1+33]\n\n", "trace": "  File \"C:\\Users\\pkolli\\PycharmProjects\\FinalHRMportalPOC\\venv\\lib\\site-packages\\behave\\model.py\", line 1329, in run\n    match.run(runner.context)\n  File \"C:\\Users\\pkolli\\PycharmProjects\\FinalHRMportalPOC\\venv\\lib\\site-packages\\behave\\matchers.py\", line 98, in run\n    self.func(context, *args, **kwargs)\n  File \"features\\steps\\add_employe_details.py\", line 36, in step_impl\n    context.addEmployee.date_of_birth()\n  File \"C:\\Users\\pkolli\\PycharmProjects\\FinalHRMportalPOC\\Features\\pages\\addEmployeeDetailsPage.py\", line 59, in date_of_birth\n    self.type_into_element(\"date_of_id\", self.date_of_id, \"Mon, 04 Sep 2023\")\n  File \"C:\\Users\\pkolli\\PycharmProjects\\FinalHRMportalPOC\\Features\\pages\\BasePage.py\", line 36, in type_into_element\n    element = self.get_element(locator_type, locator_value)\n  File \"C:\\Users\\pkolli\\PycharmProjects\\FinalHRMportalPOC\\Features\\pages\\BasePage.py\", line 42, in get_element\n    element = self.driver.find_element(By.ID, locator_value)\n  File \"C:\\Users\\pkolli\\PycharmProjects\\FinalHRMportalPOC\\venv\\lib\\site-packages\\selenium\\webdriver\\remote\\webdriver.py\", line 738, in find_element\n    return self.execute(Command.FIND_ELEMENT, {\"using\": by, \"value\": value})[\"value\"]\n  File \"C:\\Users\\pkolli\\PycharmProjects\\FinalHRMportalPOC\\venv\\lib\\site-packages\\selenium\\webdriver\\remote\\webdriver.py\", line 344, in execute\n    self.error_handler.check_response(response)\n  File \"C:\\Users\\pkolli\\PycharmProjects\\FinalHRMportalPOC\\venv\\lib\\site-packages\\selenium\\webdriver\\remote\\errorhandler.py\", line 229, in check_response\n    raise exception_class(message, screen, stacktrace)\n"}, "steps": [{"name": "Given Click on Employee list", "status": "passed", "start": 1695818384417, "stop": 1695818384424}, {"name": "When Enter all the details of employee", "status": "broken", "statusDetails": {"message": "selenium.common.exceptions.NoSuchElementException: Message: no such element: Unable to locate element: {\"method\":\"css selector\",\"selector\":\"[id=\"emp_birthday\"]\"}\n  (Session info: chrome=117.0.5938.92); For documentation on this error, please visit: https://www.selenium.dev/documentation/webdriver/troubleshooting/errors#no-such-element-exception\nStacktrace:\n\tGetHandleVerifier [0x00007FF793847892+54818]\n\t(No symbol) [0x00007FF7937B6AC2]\n\t(No symbol) [0x00007FF79366DA3B]\n\t(No symbol) [0x00007FF7936AE4FC]\n\t(No symbol) [0x00007FF7936AE67C]\n\t(No symbol) [0x00007FF7936E9627]\n\t(No symbol) [0x00007FF7936CEAEF]\n\t(No symbol) [0x00007FF7936E75A2]\n\t(No symbol) [0x00007FF7936CE883]\n\t(No symbol) [0x00007FF7936A3691]\n\t(No symbol) [0x00007FF7936A48D4]\n\tGetHandleVerifier [0x00007FF793BAB992+3610402]\n\tGetHandleVerifier [0x00007FF793C01860+3962352]\n\tGetHandleVerifier [0x00007FF793BF9D4F+3930847]\n\tGetHandleVerifier [0x00007FF7938E3646+693206]\n\t(No symbol) [0x00007FF7937C1628]\n\t(No symbol) [0x00007FF7937BD934]\n\t(No symbol) [0x00007FF7937BDA62]\n\t(No symbol) [0x00007FF7937AE113]\n\tBaseThreadInitThunk [0x00007FFAEC437344+20]\n\tRtlUserThreadStart [0x00007FFAED7826B1+33]\n\n", "trace": "  File \"C:\\Users\\pkolli\\PycharmProjects\\FinalHRMportalPOC\\venv\\lib\\site-packages\\behave\\model.py\", line 1329, in run\n    match.run(runner.context)\n  File \"C:\\Users\\pkolli\\PycharmProjects\\FinalHRMportalPOC\\venv\\lib\\site-packages\\behave\\matchers.py\", line 98, in run\n    self.func(context, *args, **kwargs)\n  File \"features\\steps\\add_employe_details.py\", line 36, in step_impl\n    context.addEmployee.date_of_birth()\n  File \"C:\\Users\\pkolli\\PycharmProjects\\FinalHRMportalPOC\\Features\\pages\\addEmployeeDetailsPage.py\", line 59, in date_of_birth\n    self.type_into_element(\"date_of_id\", self.date_of_id, \"Mon, 04 Sep 2023\")\n  File \"C:\\Users\\pkolli\\PycharmProjects\\FinalHRMportalPOC\\Features\\pages\\BasePage.py\", line 36, in type_into_element\n    element = self.get_element(locator_type, locator_value)\n  File \"C:\\Users\\pkolli\\PycharmProjects\\FinalHRMportalPOC\\Features\\pages\\BasePage.py\", line 42, in get_element\n    element = self.driver.find_element(By.ID, locator_value)\n  File \"C:\\Users\\pkolli\\PycharmProjects\\FinalHRMportalPOC\\venv\\lib\\site-packages\\selenium\\webdriver\\remote\\webdriver.py\", line 738, in find_element\n    return self.execute(Command.FIND_ELEMENT, {\"using\": by, \"value\": value})[\"value\"]\n  File \"C:\\Users\\pkolli\\PycharmProjects\\FinalHRMportalPOC\\venv\\lib\\site-packages\\selenium\\webdriver\\remote\\webdriver.py\", line 344, in execute\n    self.error_handler.check_response(response)\n  File \"C:\\Users\\pkolli\\PycharmProjects\\FinalHRMportalPOC\\venv\\lib\\site-packages\\selenium\\webdriver\\remote\\errorhandler.py\", line 229, in check_response\n    raise exception_class(message, screen, stacktrace)\n"}, "start": 1695818384425, "stop": 1695818453545}, {"name": "And Saving details", "status": "skipped", "start": 1695818457123, "stop": 1695818457123}, {"name": "Then verifying Employee details added in database", "status": "skipped", "start": 1695818457123, "stop": 1695818457123}], "start": 1695818370059, "stop": 1695818457124, "uuid": "f34f0877-c19b-47ae-953b-852afe774655", "historyId": "bc3cad78be2e87b5d5aff9ad3f901f8e", "fullName": "OrangeHRM: Add Employee details", "labels": [{"name": "severity", "value": "normal"}, {"name": "feature", "value": "OrangeHRM"}, {"name": "framework", "value": "behave"}, {"name": "language", "value": "cpython3"}]}